Tue Jan 30 13:46:12 CET 2018 : Apache Derby Network Server - 10.10.1.3 - (1557168) démarré et prêt à accepter les connexions sur le port 1527
----------------------------------------------------------------
Tue Jan 30 13:46:13 CET 2018:
Amorçage de Derby version The Apache Software Foundation - Apache Derby - 10.10.1.3 - (1557168) : instance a816c00e-0161-471a-6d1f-ffff959038ef 
dans le répertoire de base de données C:\Users\myfou\Desktop\MinuteMedGit\MinuteMed\DB\APHP_DB avec le chargeur de classe sun.misc.Launcher$AppClassLoader@1d44bcfa
Chargé de file:/C:/Program%20Files/Java/jdk1.8.0_05/db/lib/derby.jar
java.vendor=Oracle Corporation
java.runtime.version=1.8.0_05-b13
user.dir=C:\Program Files\Java\jdk1.8.0_05\db
os.name=Windows 7
os.arch=amd64
os.version=6.1
derby.system.home=C:\Users\myfou\Desktop\MinuteMedGit\MinuteMed\DB
Chargeur de classe de la base de données démarré - derby.database.classpath = ''
----------------------------------------------------------------
Tue Jan 30 13:46:14 CET 2018:
Fermeture de l'instance a816c00e-0161-471a-6d1f-ffff959038ef sur le répertoire de base de données C:\Users\myfou\Desktop\MinuteMedGit\MinuteMed\DB\APHP_DB avec le chargeur de classe sun.misc.Launcher$AppClassLoader@1d44bcfa 
Tue Jan 30 13:46:14 CET 2018 Thread[DRDAConnThread_3,5,main] (DATABASE = APHP_DB), (DRDAID = {2}), Arrêt de la base de données 'APHP_DB'.
----------------------------------------------------------------
Tue Jan 30 13:52:36 CET 2018:
Amorçage de Derby version The Apache Software Foundation - Apache Derby - 10.10.1.3 - (1557168) : instance 560740aa-0161-471a-6d1f-ffff959038ef 
dans le répertoire de base de données C:\Users\myfou\Desktop\MinuteMedGit\MinuteMed\DB\APHP_DB avec le chargeur de classe sun.misc.Launcher$AppClassLoader@1d44bcfa
Chargé de file:/C:/Program%20Files/Java/jdk1.8.0_05/db/lib/derby.jar
java.vendor=Oracle Corporation
java.runtime.version=1.8.0_05-b13
user.dir=C:\Program Files\Java\jdk1.8.0_05\db
os.name=Windows 7
os.arch=amd64
os.version=6.1
derby.system.home=C:\Users\myfou\Desktop\MinuteMedGit\MinuteMed\DB
Chargeur de classe de la base de données démarré - derby.database.classpath = ''
