Thu Jan 18 13:38:09 GMT+01:00 2018 : Apache Derby Network Server - 10.11.1.2 - (1629631) démarré et prêt à accepter les connexions sur le port 1527
----------------------------------------------------------------
Thu Jan 18 13:38:10 GMT+01:00 2018:
Amorçage de Derby version The Apache Software Foundation - Apache Derby - 10.11.1.2 - (1629631) : instance a816c00e-0161-0946-c9f6-ffffc3cd9583 
dans le répertoire de base de données C:\Users\home\Desktop\MinuteMed\MinuteMed\APHP\APHP avec le chargeur de classe sun.misc.Launcher$AppClassLoader@1d44bcfa
Chargé de file:/C:/Program%20Files/Java/jdk1.8.0_144/db/lib/derby.jar
java.vendor=Oracle Corporation
java.runtime.version=1.8.0_144-b01
user.dir=C:\Program Files\Java\jdk1.8.0_144\db
os.name=Windows 10
os.arch=amd64
os.version=10.0
derby.system.home=C:\Users\home\Desktop\MinuteMed\MinuteMed\APHP
Chargeur de classe de la base de données démarré - derby.database.classpath = ''
----------------------------------------------------------------
Thu Jan 18 13:38:26 GMT+01:00 2018:
Fermeture de l'instance a816c00e-0161-0946-c9f6-ffffc3cd9583 sur le répertoire de base de données C:\Users\home\Desktop\MinuteMed\MinuteMed\APHP\APHP avec le chargeur de classe sun.misc.Launcher$AppClassLoader@1d44bcfa 
Thu Jan 18 13:38:26 GMT+01:00 2018 Thread[DRDAConnThread_3,5,main] (DATABASE = APHP), (DRDAID = {2}), Arrêt de la base de données 'APHP'.
----------------------------------------------------------------
Thu Jan 18 13:40:24 GMT+01:00 2018:
Amorçage de Derby version The Apache Software Foundation - Apache Derby - 10.11.1.2 - (1629631) : instance a65c80ac-0161-0946-c9f6-ffffc3cd9583 
dans le répertoire de base de données C:\Users\home\Desktop\MinuteMed\MinuteMed\APHP\APHP avec le chargeur de classe sun.misc.Launcher$AppClassLoader@1d44bcfa
Chargé de file:/C:/Program%20Files/Java/jdk1.8.0_144/db/lib/derby.jar
java.vendor=Oracle Corporation
java.runtime.version=1.8.0_144-b01
user.dir=C:\Program Files\Java\jdk1.8.0_144\db
os.name=Windows 10
os.arch=amd64
os.version=10.0
derby.system.home=C:\Users\home\Desktop\MinuteMed\MinuteMed\APHP
Chargeur de classe de la base de données démarré - derby.database.classpath = ''
